Flow report for g9_gpu
Tue Sep 28 16:45:12 2010
Quartus II Version 10.0 Build 262 08/18/2010 Service Pack 1 SJ Web Edition


---------------------
; Table of Contents ;
---------------------
  1. Legal Notice
  2. Flow Summary
  3. Flow Settings
  4. Flow Non-Default Global Settings
  5. Flow Elapsed Time
  6. Flow OS Summary
  7. Flow Log



----------------
; Legal Notice ;
----------------
Copyright (C) 1991-2010 Altera Corporation
Your use of Altera Corporation's design tools, logic functions 
and other software and tools, and its AMPP partner logic 
functions, and any output files from any of the foregoing 
(including device programming or simulation files), and any 
associated documentation or information are expressly subject 
to the terms and conditions of the Altera Program License 
Subscription Agreement, Altera MegaCore Function License 
Agreement, or other applicable license agreement, including, 
without limitation, that your use is for the sole purpose of 
programming logic devices manufactured by Altera and sold by 
Altera or its authorized distributors.  Please refer to the 
applicable agreement for further details.



+------------------------------------------------------------------------------------+
; Flow Summary                                                                       ;
+------------------------------------+-----------------------------------------------+
; Flow Status                        ; Successful - Tue Sep 28 16:45:12 2010         ;
; Quartus II Version                 ; 10.0 Build 262 08/18/2010 SP 1 SJ Web Edition ;
; Revision Name                      ; g9_gpu                                        ;
; Top-level Entity Name              ; g9_gpu                                        ;
; Family                             ; Cyclone II                                    ;
; Device                             ; EP2C35F672C6                                  ;
; Timing Models                      ; Final                                         ;
; Met timing requirements            ; Yes                                           ;
; Total logic elements               ; 2,065 / 33,216 ( 6 % )                        ;
;     Total combinational functions  ; 1,926 / 33,216 ( 6 % )                        ;
;     Dedicated logic registers      ; 1,014 / 33,216 ( 3 % )                        ;
; Total registers                    ; 1066                                          ;
; Total pins                         ; 56 / 475 ( 12 % )                             ;
; Total virtual pins                 ; 0                                             ;
; Total memory bits                  ; 44,032 / 483,840 ( 9 % )                      ;
; Embedded Multiplier 9-bit elements ; 0 / 70 ( 0 % )                                ;
; Total PLLs                         ; 0 / 4 ( 0 % )                                 ;
+------------------------------------+-----------------------------------------------+


+-----------------------------------------+
; Flow Settings                           ;
+-------------------+---------------------+
; Option            ; Setting             ;
+-------------------+---------------------+
; Start date & time ; 09/28/2010 16:44:16 ;
; Main task         ; Compilation         ;
; Revision Name     ; g9_gpu              ;
+-------------------+---------------------+


+------------------------------------------------------------------------------------------------------------------------+
; Flow Non-Default Global Settings                                                                                       ;
+-------------------------------------+---------------------------------------+---------------+-------------+------------+
; Assignment Name                     ; Value                                 ; Default Value ; Entity Name ; Section Id ;
+-------------------------------------+---------------------------------------+---------------+-------------+------------+
; COMPILER_SIGNATURE_ID               ; 102088992663.128571025508100          ; --            ; --          ; --         ;
; MAX_CORE_JUNCTION_TEMP              ; 85                                    ; --            ; --          ; --         ;
; MIN_CORE_JUNCTION_TEMP              ; 0                                     ; --            ; --          ; --         ;
; PARTITION_COLOR                     ; 16764057                              ; --            ; --          ; Top        ;
; PARTITION_FITTER_PRESERVATION_LEVEL ; PLACEMENT_AND_ROUTING                 ; --            ; --          ; Top        ;
; PARTITION_NETLIST_TYPE              ; SOURCE                                ; --            ; --          ; Top        ;
; POWER_BOARD_THERMAL_MODEL           ; None (CONSERVATIVE)                   ; --            ; --          ; --         ;
; POWER_PRESET_COOLING_SOLUTION       ; 23 MM HEAT SINK WITH 200 LFPM AIRFLOW ; --            ; --          ; --         ;
; SOPC_BUILDER_SIGNATURE_ID           ; C80aa97049340000012b5a4bbfd9          ; --            ; --          ; --         ;
+-------------------------------------+---------------------------------------+---------------+-------------+------------+


+-----------------------------------------------------------------------------------------------------------------------------+
; Flow Elapsed Time                                                                                                           ;
+-------------------------+--------------+-------------------------+---------------------+------------------------------------+
; Module Name             ; Elapsed Time ; Average Processors Used ; Peak Virtual Memory ; Total CPU Time (on all processors) ;
+-------------------------+--------------+-------------------------+---------------------+------------------------------------+
; Analysis & Synthesis    ; 00:00:29     ; 1.0                     ; 309 MB              ; 00:00:31                           ;
; Fitter                  ; 00:00:17     ; 1.0                     ; 326 MB              ; 00:00:19                           ;
; Assembler               ; 00:00:03     ; 1.0                     ; 281 MB              ; 00:00:03                           ;
; Classic Timing Analyzer ; 00:00:01     ; 1.0                     ; 200 MB              ; 00:00:02                           ;
; Total                   ; 00:00:50     ; --                      ; --                  ; 00:00:55                           ;
+-------------------------+--------------+-------------------------+---------------------+------------------------------------+


+--------------------------------------------------------------------------------------+
; Flow OS Summary                                                                      ;
+-------------------------+------------------+-----------+------------+----------------+
; Module Name             ; Machine Hostname ; OS Name   ; OS Version ; Processor type ;
+-------------------------+------------------+-----------+------------+----------------+
; Analysis & Synthesis    ; SEJOON-PC        ; Windows 7 ; 6.1        ; i686           ;
; Fitter                  ; SEJOON-PC        ; Windows 7 ; 6.1        ; i686           ;
; Assembler               ; SEJOON-PC        ; Windows 7 ; 6.1        ; i686           ;
; Classic Timing Analyzer ; SEJOON-PC        ; Windows 7 ; 6.1        ; i686           ;
+-------------------------+------------------+-----------+------------+----------------+


------------
; Flow Log ;
------------
quartus_map --read_settings_files=on --write_settings_files=off g9_gpu -c g9_gpu
quartus_fit --read_settings_files=off --write_settings_files=off g9_gpu -c g9_gpu
quartus_asm --read_settings_files=off --write_settings_files=off g9_gpu -c g9_gpu
quartus_tan --read_settings_files=off --write_settings_files=off g9_gpu -c g9_gpu --timing_analysis_only



